{
  "RSpec": {
    "coverage": {
      "/Users/davidstinnette/Turing/3module/1510/github_clone/spec/features/user_login_spec.rb": [
        1,
        null,
        1,
        null,
        1,
        1,
        1,
        null,
        1,
        1,
        null,
        null,
        null
      ],
      "/Users/davidstinnette/Turing/3module/1510/github_clone/spec/rails_helper.rb": [
        1,
        1,
        1,
        null,
        1,
        1,
        1,
        null,
        1,
        null,
        1,
        1,
        1,
        1,
        null,
        null,
        1,
        1,
        null,
        1,
        null,
        1,
        null
      ],
      "/Users/davidstinnette/Turing/3module/1510/github_clone/spec/features/user_logout_spec.rb": [
        1,
        null,
        1,
        null,
        1,
        1,
        1,
        null,
        1,
        1,
        null,
        1,
        1,
        1,
        null,
        null,
        null
      ],
      "/Users/davidstinnette/Turing/3module/1510/github_clone/spec/services/github_service_spec.rb": [
        1,
        null,
        1,
        1,
        null,
        1,
        10,
        null,
        null,
        1,
        1,
        1,
        1,
        null,
        1,
        1,
        null,
        null,
        null,
        1,
        1,
        1,
        1,
        null,
        1,
        1,
        null,
        null,
        null,
        1,
        1,
        1,
        1,
        null,
        1,
        1,
        null,
        null,
        null,
        1,
        1,
        1,
        1,
        null,
        1,
        1,
        null,
        null,
        null,
        1,
        1,
        1,
        1,
        null,
        1,
        1,
        null,
        null,
        null,
        1,
        1,
        1,
        null,
        1,
        null,
        null,
        null,
        1,
        1,
        1,
        null,
        1,
        null,
        null,
        null,
        1,
        1,
        1,
        null,
        1,
        null,
        null,
        null,
        1,
        1,
        1,
        1,
        null,
        1,
        1,
        null,
        null,
        null,
        1,
        1,
        1,
        1,
        1,
        null,
        1,
        1,
        1,
        null,
        null,
        null,
        null
      ],
      "/Users/davidstinnette/Turing/3module/1510/github_clone/app/controllers/welcome_controller.rb": [
        1,
        null,
        1,
        null,
        null,
        null
      ],
      "/Users/davidstinnette/Turing/3module/1510/github_clone/app/controllers/application_controller.rb": [
        1,
        1,
        1,
        null,
        1,
        50,
        null,
        null,
        1,
        20,
        null,
        null
      ],
      "/Users/davidstinnette/Turing/3module/1510/github_clone/app/controllers/sessions_controller.rb": [
        1,
        null,
        1,
        2,
        2,
        2,
        2,
        null,
        0,
        null,
        null,
        null,
        1,
        1,
        1,
        null,
        null,
        null
      ],
      "/Users/davidstinnette/Turing/3module/1510/github_clone/app/models/user.rb": [
        1,
        null,
        1,
        2,
        null,
        2,
        2,
        2,
        2,
        2,
        null,
        2,
        2,
        null,
        null,
        null
      ],
      "/Users/davidstinnette/Turing/3module/1510/github_clone/app/controllers/users_controller.rb": [
        1,
        null,
        1,
        null,
        null,
        2,
        2,
        2,
        2,
        2,
        2,
        2,
        2,
        2,
        2,
        null,
        null,
        null
      ],
      "/Users/davidstinnette/Turing/3module/1510/github_clone/app/services/github_service.rb": [
        1,
        1,
        null,
        1,
        12,
        12,
        12,
        12,
        null,
        null,
        1,
        7,
        null,
        null,
        1,
        4,
        null,
        null,
        1,
        4,
        null,
        null,
        1,
        4,
        null,
        null,
        1,
        4,
        null,
        null,
        1,
        3,
        null,
        null,
        1,
        3,
        null,
        null,
        1,
        3,
        null,
        null,
        1,
        3,
        3,
        null,
        null,
        1,
        3,
        15,
        null,
        3,
        15,
        15,
        15,
        null,
        null,
        null,
        1,
        null,
        1,
        525,
        null,
        258,
        528,
        null,
        18,
        null,
        null,
        1,
        41,
        null,
        null,
        null
      ]
    },
    "timestamp": 1455909521
  }
}
